<?xml version="1.0" encoding="UTF-8"?>
<!-- Generated by org.testng.reporters.JUnitReportReporter -->
<testsuite hostname="WIN-K2LCM6S2MEQ" failures="0" tests="3" name="testNGdemo.PriorityDemo" time="7.457" errors="0" timestamp="2021-11-26T16:20:35 IST" skipped="0">
  <testcase classname="testNGdemo.PriorityDemo" name="startapp" time="3.779"/>
  <system-out/>
  <testcase classname="testNGdemo.PriorityDemo" name="signin" time="2.714"/>
  <system-out/>
  <testcase classname="testNGdemo.PriorityDemo" name="signout" time="0.964"/>
  <system-out/>
</testsuite> <!-- testNGdemo.PriorityDemo -->
