<?xml version="1.0" encoding="UTF-8"?>
<!-- Generated by org.testng.reporters.JUnitReportReporter -->
<testsuite hostname="WIN-K2LCM6S2MEQ" failures="0" tests="3" name="groupDemo.TestGroup1" time="0.007" errors="0" timestamp="2021-11-29T13:06:04 IST" skipped="0">
  <testcase classname="groupDemo.TestGroup1" name="Test3" time="0.001"/>
  <system-out/>
  <testcase classname="groupDemo.TestGroup1" name="Test1" time="0.006"/>
  <system-out/>
  <testcase classname="groupDemo.TestGroup1" name="Test2" time="0.000"/>
  <system-out/>
</testsuite> <!-- groupDemo.TestGroup1 -->
