<?xml version="1.0" encoding="UTF-8"?>
<!-- Generated by org.testng.reporters.JUnitReportReporter -->
<testsuite hostname="WIN-K2LCM6S2MEQ" failures="0" tests="1" name="testNGdemo.TestNGsequence" time="0.007" errors="0" timestamp="2021-11-26T14:49:21 IST" skipped="0">
  <testcase classname="testNGdemo.TestNGsequence" name="checktitle" time="0.007"/>
  <system-out/>
</testsuite> <!-- testNGdemo.TestNGsequence -->
