<?xml version="1.0" encoding="UTF-8"?>
<!-- Generated by org.testng.reporters.JUnitReportReporter -->
<testsuite hostname="WIN-K2LCM6S2MEQ" failures="0" tests="2" name="groupDemo.TestGroup2" time="0.001" errors="0" timestamp="2021-11-29T13:06:04 IST" skipped="0">
  <testcase classname="groupDemo.TestGroup2" name="Test7" time="0.001"/>
  <system-out/>
  <testcase classname="groupDemo.TestGroup2" name="Test5" time="0.000"/>
  <system-out/>
</testsuite> <!-- groupDemo.TestGroup2 -->
