<?xml version="1.0" encoding="UTF-8"?>
<!-- Generated by org.testng.reporters.JUnitReportReporter -->
<testsuite hostname="WIN-K2LCM6S2MEQ" failures="0" tests="2" name="testNGdemo.DataProviderDemo" time="8.463" errors="0" timestamp="2021-11-29T11:07:09 IST" skipped="0">
  <testcase classname="testNGdemo.DataProviderDemo" name="f" time="2.202"/>
  <system-out/>
  <testcase classname="testNGdemo.DataProviderDemo" name="f" time="6.261"/>
  <system-out/>
</testsuite> <!-- testNGdemo.DataProviderDemo -->
